[2025-06-08 13:19:04,873] 1026 httpx INFO: HTTP Request: GET https://dagshub.com/api/v1/user "HTTP/1.1 200 OK"
[2025-06-08 13:19:04,882] 107 dagshub INFO: Accessing as sandeep1404
[2025-06-08 13:19:05,197] 1026 httpx INFO: HTTP Request: GET https://dagshub.com/api/v1/repos/sandeep1404/NetworkSecurity "HTTP/1.1 200 OK"
[2025-06-08 13:19:05,507] 1026 httpx INFO: HTTP Request: GET https://dagshub.com/api/v1/user "HTTP/1.1 200 OK"
[2025-06-08 13:19:05,510] 107 dagshub INFO: Initialized MLflow to track repo "sandeep1404/NetworkSecurity"
[2025-06-08 13:19:05,510] 107 dagshub INFO: Repository sandeep1404/NetworkSecurity initialized!
[2025-06-08 13:19:18,478] 34 root INFO: Data Ingestion Config: <networksecurity.entity.config_entity.DataIngestionConfig object at 0x757617d835e0>
[2025-06-08 13:19:18,478] 36 root INFO: Starting data ingestion process.
[2025-06-08 13:19:19,791] 49 root INFO: Data exported to feature store at Artifacts/2025-06-08-13-19-18/data_ingestion/feature_store/phisingData.csv
[2025-06-08 13:19:19,817] 65 root INFO: Train and test data exported to Artifacts/2025-06-08-13-19-18/data_ingestion/ingested/train.csv and Artifacts/2025-06-08-13-19-18/data_ingestion/ingested/test.csv
[2025-06-08 13:19:19,817] 38 root INFO: Data Ingestion completed and Artifact: DataIngestionArtifact(train_file_path='Artifacts/2025-06-08-13-19-18/data_ingestion/ingested/train.csv', test_file_path='Artifacts/2025-06-08-13-19-18/data_ingestion/ingested/test.csv')
[2025-06-08 13:19:19,817] 17 root INFO: Data Validation class initialized with config: <networksecurity.entity.config_entity.DataValidationConfig object at 0x757617d83670>
[2025-06-08 13:19:19,820] 48 root INFO: Starting data validation process.
[2025-06-08 13:19:19,820] 30 root INFO: Reading data from Artifacts/2025-06-08-13-19-18/data_ingestion/ingested/train.csv
[2025-06-08 13:19:19,827] 30 root INFO: Reading data from Artifacts/2025-06-08-13-19-18/data_ingestion/ingested/test.csv
[2025-06-08 13:19:19,829] 104 root INFO: Data read successfully for validation
[2025-06-08 13:19:19,829] 41 root INFO: Required number of columns:31
[2025-06-08 13:19:19,829] 42 root INFO: Data frame has columns:31
[2025-06-08 13:19:19,829] 41 root INFO: Required number of columns:31
[2025-06-08 13:19:19,829] 42 root INFO: Data frame has columns:31
[2025-06-08 13:19:19,829] 112 root INFO: Number of columns validation passed for both train and test data
[2025-06-08 13:19:19,829] 59 root INFO: All numeric columns exist in the DataFrame.
[2025-06-08 13:19:19,829] 59 root INFO: All numeric columns exist in the DataFrame.
[2025-06-08 13:19:19,870] 34 root INFO: YAML file written successfully at Artifacts/2025-06-08-13-19-18/data_validation/drift_report/report.yaml
[2025-06-08 13:19:19,895] 127 root INFO: Data validation completed successfully
[2025-06-08 13:19:19,895] 50 root INFO: Data Validation completed and Artifact: DataValidationArtifact(validation_status=None, valid_train_file_path='Artifacts/2025-06-08-13-19-18/data_ingestion/ingested/train.csv', valid_test_file_path='Artifacts/2025-06-08-13-19-18/data_ingestion/ingested/test.csv', invalid_train_file_path=None, invalid_test_file_path=None, drift_report_file_path='Artifacts/2025-06-08-13-19-18/data_validation/drift_report/report.yaml')
[2025-06-08 13:19:19,895] 17 root INFO: Data Transformation class initialized with config: <networksecurity.entity.config_entity.DataTransformationConfig object at 0x757617d83640>
[2025-06-08 13:19:19,896] 48 root INFO: Initiating data transformation process.
[2025-06-08 13:19:19,896] 50 root INFO: Starting data transformation process.
[2025-06-08 13:19:19,896] 29 root INFO: Reading data from Artifacts/2025-06-08-13-19-18/data_ingestion/ingested/train.csv
[2025-06-08 13:19:19,903] 29 root INFO: Reading data from Artifacts/2025-06-08-13-19-18/data_ingestion/ingested/test.csv
[2025-06-08 13:19:19,905] 53 root INFO: Data read successfully from validation artifact.
[2025-06-08 13:19:19,906] 66 root INFO: Target column removed from train and test dataframes.
[2025-06-08 13:19:19,906] 39 root INFO: Creating data transformation pipeline with KNNImputer.
[2025-06-08 13:19:19,906] 42 root INFO: Data transformation pipeline created successfully.
[2025-06-08 13:19:19,906] 72 root INFO: Fitting and transforming training data using KNNImputer.
[2025-06-08 13:19:19,910] 50 root INFO: NumPy array saved successfully at Artifacts/2025-06-08-13-19-18/data_transformation/transformed/train.npy
[2025-06-08 13:19:19,910] 83 root INFO: Transformed training data saved at Artifacts/2025-06-08-13-19-18/data_transformation/transformed/train.npy
[2025-06-08 13:19:19,911] 50 root INFO: NumPy array saved successfully at Artifacts/2025-06-08-13-19-18/data_transformation/transformed/test.npy
[2025-06-08 13:19:19,911] 85 root INFO: Transformed testing data saved at Artifacts/2025-06-08-13-19-18/data_transformation/transformed/test.npy
[2025-06-08 13:19:19,912] 65 root INFO: Object saved successfully at Artifacts/2025-06-08-13-19-18/data_transformation/transformed_object/preprocessing.pkl
[2025-06-08 13:19:19,912] 88 root INFO: Preprocessor object saved at Artifacts/2025-06-08-13-19-18/data_transformation/transformed_object/preprocessing.pkl
[2025-06-08 13:19:19,912] 89 root INFO: Data transformation process completed successfully.
[2025-06-08 13:19:19,923] 65 root INFO: Object saved successfully at final_model/preprocessor.pkl
[2025-06-08 13:19:19,924] 92 root INFO: Preprocessor object saved to final_model/preprocessor.pkl
[2025-06-08 13:19:19,924] 100 root INFO: Data transformation artifact created: DataTransformationArtifact(transformed_train_file_path='Artifacts/2025-06-08-13-19-18/data_transformation/transformed/train.npy', transformed_test_file_path='Artifacts/2025-06-08-13-19-18/data_transformation/transformed/test.npy', transformed_object_file_path='Artifacts/2025-06-08-13-19-18/data_transformation/transformed_object/preprocessing.pkl')
[2025-06-08 13:19:19,924] 63 root INFO: Data Transformation completed and Artifact: DataTransformationArtifact(transformed_train_file_path='Artifacts/2025-06-08-13-19-18/data_transformation/transformed/train.npy', transformed_test_file_path='Artifacts/2025-06-08-13-19-18/data_transformation/transformed/test.npy', transformed_object_file_path='Artifacts/2025-06-08-13-19-18/data_transformation/transformed_object/preprocessing.pkl')
[2025-06-08 13:19:19,924] 75 root INFO: Starting model training process.
[2025-06-08 13:20:35,686] 123 root INFO: Model evaluation report: {'Random Forest': 0.8675413371675054, 'Decision Tree': 0.8325869678089305, 'Gradient Boosting': 0.8031517094017094, 'Logistic Regression': 0.665173935617861, 'AdaBoost': 0.6743724538701175}
[2025-06-08 13:20:52,526] 65 root INFO: Object saved successfully at Artifacts/2025-06-08-13-19-18/model_trainer/trained_model/model.pkl
[2025-06-08 13:20:52,530] 65 root INFO: Object saved successfully at final_model/model.pkl
[2025-06-08 13:20:52,530] 113 root INFO: Model trainer artifact: ModelTrainerArtifact(trained_model_file_path='Artifacts/2025-06-08-13-19-18/model_trainer/trained_model/model.pkl', trained_metric_artifact=ClassificationMetricArtifact(precision=0.9904148031674864, recall=0.9903889642695612, f1_score=0.9903843069255678), test_metric_artifact=ClassificationMetricArtifact(precision=0.9674358324681183, recall=0.9674355495251018, f1_score=0.9674155421921994))
[2025-06-08 13:20:52,530] 77 root INFO: Model Training completed and Artifact: None
