[2025-06-08 11:44:15,562] 1026 httpx INFO: HTTP Request: GET https://dagshub.com/api/v1/user "HTTP/1.1 200 OK"
[2025-06-08 11:44:15,567] 107 dagshub INFO: Accessing as sandeep1404
[2025-06-08 11:44:15,869] 1026 httpx INFO: HTTP Request: GET https://dagshub.com/api/v1/repos/sandeep1404/NetworkSecurity "HTTP/1.1 200 OK"
[2025-06-08 11:44:16,130] 1026 httpx INFO: HTTP Request: GET https://dagshub.com/api/v1/user "HTTP/1.1 200 OK"
[2025-06-08 11:44:16,134] 107 dagshub INFO: Initialized MLflow to track repo "sandeep1404/NetworkSecurity"
[2025-06-08 11:44:16,134] 107 dagshub INFO: Repository sandeep1404/NetworkSecurity initialized!
[2025-06-08 11:44:16,135] 19 root INFO: Starting data ingestion process
[2025-06-08 11:44:17,380] 49 root INFO: Data exported to feature store at Artifacts/2025-06-08-11-44-16/data_ingestion/feature_store/phisingData.csv
[2025-06-08 11:44:17,402] 65 root INFO: Train and test data exported to Artifacts/2025-06-08-11-44-16/data_ingestion/ingested/train.csv and Artifacts/2025-06-08-11-44-16/data_ingestion/ingested/test.csv
[2025-06-08 11:44:17,402] 21 root INFO: Data ingestion completed successfully
[2025-06-08 11:44:17,402] 17 root INFO: Data Validation class initialized with config: <networksecurity.entity.config_entity.DataValidationConfig object at 0x77b601673550>
[2025-06-08 11:44:17,405] 25 root INFO: Initiate the data Validation
[2025-06-08 11:44:17,405] 30 root INFO: Reading data from Artifacts/2025-06-08-11-44-16/data_ingestion/ingested/train.csv
[2025-06-08 11:44:17,410] 30 root INFO: Reading data from Artifacts/2025-06-08-11-44-16/data_ingestion/ingested/test.csv
[2025-06-08 11:44:17,412] 104 root INFO: Data read successfully for validation
[2025-06-08 11:44:17,412] 41 root INFO: Required number of columns:31
[2025-06-08 11:44:17,412] 42 root INFO: Data frame has columns:31
[2025-06-08 11:44:17,412] 41 root INFO: Required number of columns:31
[2025-06-08 11:44:17,412] 42 root INFO: Data frame has columns:31
[2025-06-08 11:44:17,412] 112 root INFO: Number of columns validation passed for both train and test data
[2025-06-08 11:44:17,412] 59 root INFO: All numeric columns exist in the DataFrame.
[2025-06-08 11:44:17,412] 59 root INFO: All numeric columns exist in the DataFrame.
[2025-06-08 11:44:17,449] 34 root INFO: YAML file written successfully at Artifacts/2025-06-08-11-44-16/data_validation/drift_report/report.yaml
[2025-06-08 11:44:17,471] 127 root INFO: Data validation completed successfully
[2025-06-08 11:44:17,471] 27 root INFO: data Validation Completed
[2025-06-08 11:44:17,471] 17 root INFO: Data Transformation class initialized with config: <networksecurity.entity.config_entity.DataTransformationConfig object at 0x77b6016734c0>
[2025-06-08 11:44:17,471] 48 root INFO: Initiating data transformation process.
[2025-06-08 11:44:17,471] 50 root INFO: Starting data transformation process.
[2025-06-08 11:44:17,471] 29 root INFO: Reading data from Artifacts/2025-06-08-11-44-16/data_ingestion/ingested/train.csv
[2025-06-08 11:44:17,476] 29 root INFO: Reading data from Artifacts/2025-06-08-11-44-16/data_ingestion/ingested/test.csv
[2025-06-08 11:44:17,478] 53 root INFO: Data read successfully from validation artifact.
[2025-06-08 11:44:17,479] 66 root INFO: Target column removed from train and test dataframes.
[2025-06-08 11:44:17,479] 39 root INFO: Creating data transformation pipeline with KNNImputer.
[2025-06-08 11:44:17,479] 42 root INFO: Data transformation pipeline created successfully.
[2025-06-08 11:44:17,479] 72 root INFO: Fitting and transforming training data using KNNImputer.
[2025-06-08 11:44:17,483] 50 root INFO: NumPy array saved successfully at Artifacts/2025-06-08-11-44-16/data_transformation/transformed/train.npy
[2025-06-08 11:44:17,483] 83 root INFO: Transformed training data saved at Artifacts/2025-06-08-11-44-16/data_transformation/transformed/train.npy
[2025-06-08 11:44:17,483] 50 root INFO: NumPy array saved successfully at Artifacts/2025-06-08-11-44-16/data_transformation/transformed/test.npy
[2025-06-08 11:44:17,483] 85 root INFO: Transformed testing data saved at Artifacts/2025-06-08-11-44-16/data_transformation/transformed/test.npy
[2025-06-08 11:44:17,484] 65 root INFO: Object saved successfully at Artifacts/2025-06-08-11-44-16/data_transformation/transformed_object/preprocessing.pkl
[2025-06-08 11:44:17,484] 88 root INFO: Preprocessor object saved at Artifacts/2025-06-08-11-44-16/data_transformation/transformed_object/preprocessing.pkl
[2025-06-08 11:44:17,484] 89 root INFO: Data transformation process completed successfully.
[2025-06-08 11:44:17,484] 97 root INFO: Data transformation artifact created: DataTransformationArtifact(transformed_train_file_path='Artifacts/2025-06-08-11-44-16/data_transformation/transformed/train.npy', transformed_test_file_path='Artifacts/2025-06-08-11-44-16/data_transformation/transformed/test.npy', transformed_object_file_path='Artifacts/2025-06-08-11-44-16/data_transformation/transformed_object/preprocessing.pkl')
[2025-06-08 11:44:17,484] 35 root INFO: Data transformation completed successfully
[2025-06-08 11:44:17,484] 42 root INFO: Model training stage not implemented in this script
[2025-06-08 11:45:31,878] 123 root INFO: Model evaluation report: {'Random Forest': 0.8675413371675054, 'Decision Tree': 0.8399457824107357, 'Gradient Boosting': 0.8068311167026121, 'Logistic Regression': 0.665173935617861, 'AdaBoost': 0.6743724538701175}
[2025-06-08 11:45:49,575] 65 root INFO: Object saved successfully at Artifacts/2025-06-08-11-44-16/model_trainer/trained_model/model.pkl
[2025-06-08 11:45:49,575] 111 root INFO: Model trainer artifact: ModelTrainerArtifact(trained_model_file_path='Artifacts/2025-06-08-11-44-16/model_trainer/trained_model/model.pkl', trained_metric_artifact=ClassificationMetricArtifact(precision=0.9906250779827241, recall=0.9906151062867481, f1_score=0.990612070897284), test_metric_artifact=ClassificationMetricArtifact(precision=0.9674293800131875, recall=0.9674355495251018, f1_score=0.9674316603441993))
[2025-06-08 11:45:49,575] 47 root INFO: Model training artifact created successfully
